#
# A fatal error has been detected by the Java Runtime Environment:
#
#  SIGSEGV (0xb) at pc=0x000000010c8b2e82, pid=2187, tid=16899
#
# JRE version: Java(TM) SE Runtime Environment (7.0_79-b15) (build 1.7.0_79-b15)
# Java VM: Java HotSpot(TM) 64-Bit Server VM (24.79-b02 mixed mode bsd-amd64 compressed oops)
# Problematic frame:
# V  [libjvm.dylib+0x2b2e82]  java_lang_String::length(oopDesc*)+0x54
#
# Failed to write core dump. Core dumps have been disabled. To enable core dumping, try "ulimit -c unlimited" before starting Java again
#
# If you would like to submit a bug report, please visit:
#   http://bugreport.java.com/bugreport/crash.jsp
#

---------------  T H R E A D  ---------------

Current thread (0x00007f9b63816800):  JavaThread "JDWP Transport Listener: dt_socket" daemon [_thread_in_vm, id=16899, stack(0x0000700010316000,0x0000700010416000)]

siginfo:si_signo=SIGSEGV: si_errno=0, si_code=1 (SEGV_MAPERR), si_addr=0x000000000000000c

Registers:
RAX=0x0000000000000000, RBX=0x00000007eb07da30, RCX=0x000000000000000c, RDX=0x0000000000000000
RSP=0x0000700010415a10, RBP=0x0000700010415a10, RSI=0x00007f9b63612c88, RDI=0x00000007eb07da30
R8 =0x1c00000000000000, R9 =0x00007f9b636203e0, R10=0x00000000ff800000, R11=0xfffff064acee8040
R12=0x00007f9b63816800, R13=0x00007f9b6352dc90, R14=0x0000000000000000, R15=0x0000000000000000
RIP=0x000000010c8b2e82, EFLAGS=0x0000000000010202, ERR=0x0000000000000004
  TRAPNO=0x000000000000000e

Top of Stack: (sp=0x0000700010415a10)
0x0000700010415a10:   0000700010415a40 000000010c8e27be
0x0000700010415a20:   0000000000000000 0000000000000000
0x0000700010415a30:   00000007eb07da30 00007f9b638169e8
0x0000700010415a40:   0000700010415ab0 000000010c90a0a2
0x0000700010415a50:   00007f9b63816800 00007f9b63816800
0x0000700010415a60:   0000000000000000 0000000000000000
0x0000700010415a70:   00007f9b638169e8 00007f9b63816800
0x0000700010415a80:   00007f9b63816800 0000700010415b08
0x0000700010415a90:   00007f9b63612c88 00007f9b6352dc90
0x0000700010415aa0:   0000700010415c90 00007f9b638169e8
0x0000700010415ab0:   0000700010415ae0 000000010bd684be
0x0000700010415ac0:   0000700010415c90 000000010bd88dc2
0x0000700010415ad0:   0000700010415b08 000000010bd94588
0x0000700010415ae0:   0000700010415d00 000000010bd6f642
0x0000700010415af0:   00003e2a00000013 0000000000010a00
0x0000700010415b00:   00007f9b6352da30 0000700010415b58
0x0000700010415b10:   00007f9b0000012c 0000700010415b20
0x0000700010415b20:   00007f9b00000000 0000700010415b58
0x0000700010415b30:   0000000000000000 0000000000000000
0x0000700010415b40:   00003e2a00000013 00007f9b00004780
0x0000700010415b50:   0000700010415b58 6e69616d04000000
0x0000700010415b60:   4200000000000000 000000000a000000
0x0000700010415b70:   c000000000000000 0400000000000000
0x0000700010415b80:   00000000040c0000 c100000009000000
0x0000700010415b90:   0d00000000000000 00000000c2000000
0x0000700010415ba0:   c400000016000000 1a00000000000000
0x0000700010415bb0:   00000000c5000000 c800000023000000
0x0000700010415bc0:   2b00000000000000 00000000c9000000
0x0000700010415bd0:   cb00000036000000 4200000000000000
0x0000700010415be0:   04001100cc000000 0000000000000001
0x0000700010415bf0:   2861639b7f000019 00000000000000c8
0x0000700010415c00:   0011000000000067 0000000000000105 

Instructions: (pc=0x000000010c8b2e82)
0x000000010c8b2e62:   eb 16 48 8d 35 85 9a 4c 00 8a 4e 08 48 d3 e2 48
0x000000010c8b2e72:   03 16 eb 04 48 8b 14 0f 84 c0 0f 94 c0 0f b6 c0
0x000000010c8b2e82:   8b 44 82 0c 5d c3 8b 04 07 5d c3 90 55 48 89 e5
0x000000010c8b2e92:   f6 87 8d 00 00 00 02 75 04 31 ff eb 23 48 63 87 

Register to memory mapping:

RAX=0x0000000000000000 is an unknown value
RBX=0x00000007eb07da30 is an oop
java.lang.String 
 - klass: 'java/lang/String'
RCX=0x000000000000000c is an unknown value
RDX=0x0000000000000000 is an unknown value
RSP=0x0000700010415a10 is pointing into the stack for thread: 0x00007f9b63816800
RBP=0x0000700010415a10 is pointing into the stack for thread: 0x00007f9b63816800
RSI=0x00007f9b63612c88 is a global jni handle
RDI=0x00000007eb07da30 is an oop
java.lang.String 
 - klass: 'java/lang/String'
R8 =0x1c00000000000000 is an unknown value
R9 =0x00007f9b636203e0 is an unknown value
R10=0x00000000ff800000 is an unknown value
R11=0xfffff064acee8040 is an unknown value
R12=0x00007f9b63816800 is a thread
R13=0x00007f9b6352dc90 is an unknown value
R14=0x0000000000000000 is an unknown value
R15=0x0000000000000000 is an unknown value


Stack: [0x0000700010316000,0x0000700010416000],  sp=0x0000700010415a10,  free space=1022k
Native frames: (J=compiled Java code, j=interpreted, Vv=VM code, C=native code)
V  [libjvm.dylib+0x2b2e82]  java_lang_String::length(oopDesc*)+0x54
V  [libjvm.dylib+0x2e27be]  java_lang_String::utf8_length(oopDesc*)+0x38
V  [libjvm.dylib+0x30a0a2]  jni_GetStringUTFChars+0x71
C  [libjdwp.dylib+0x74be]  value+0x96
C  [libjdwp.dylib+0xe642]  debugLoop_run+0x1ce
C  [libjdwp.dylib+0x1f0e2]  attachThread+0x4d
V  [libjvm.dylib+0x37945a]  JvmtiAgentThread::call_start_function()+0x38
V  [libjvm.dylib+0x4f759d]  JavaThread::thread_main_inner()+0x9b
V  [libjvm.dylib+0x4f8ca5]  JavaThread::run()+0x1a3
V  [libjvm.dylib+0x421c4e]  java_start(Thread*)+0x126
C  [libsystem_pthread.dylib+0x3abb]  _pthread_body+0xb4
C  [libsystem_pthread.dylib+0x3a07]  _pthread_body+0x0
C  [libsystem_pthread.dylib+0x3231]  thread_start+0xd


---------------  P R O C E S S  ---------------

Java Threads: ( => current thread )
  0x00007f9b64022800 JavaThread "Service Thread" daemon [_thread_blocked, id=19459, stack(0x0000700010825000,0x0000700010925000)]
  0x00007f9b64022000 JavaThread "C2 CompilerThread1" daemon [_thread_blocked, id=18947, stack(0x0000700010722000,0x0000700010822000)]
  0x00007f9b6501e000 JavaThread "C2 CompilerThread0" daemon [_thread_blocked, id=18435, stack(0x000070001061f000,0x000070001071f000)]
  0x00007f9b63822800 JavaThread "JDWP Command Reader" daemon [_thread_in_native, id=17923, stack(0x000070001051c000,0x000070001061c000)]
  0x00007f9b63817800 JavaThread "JDWP Event Helper Thread" daemon [_thread_blocked, id=17411, stack(0x0000700010419000,0x0000700010519000)]
=>0x00007f9b63816800 JavaThread "JDWP Transport Listener: dt_socket" daemon [_thread_in_vm, id=16899, stack(0x0000700010316000,0x0000700010416000)]
  0x00007f9b63810000 JavaThread "Signal Dispatcher" daemon [_thread_blocked, id=16387, stack(0x0000700010213000,0x0000700010313000)]
  0x00007f9b6500f000 JavaThread "Finalizer" daemon [_thread_blocked, id=12547, stack(0x0000700010110000,0x0000700010210000)]
  0x00007f9b6500e000 JavaThread "Reference Handler" daemon [_thread_blocked, id=12035, stack(0x000070001000d000,0x000070001010d000)]
  0x00007f9b65001800 JavaThread "main" [_thread_blocked, id=7171, stack(0x000070000f9fb000,0x000070000fafb000)]

Other Threads:
  0x00007f9b64018000 VMThread [stack: 0x000070000ff0a000,0x000070001000a000] [id=11523]
  0x00007f9b65010000 WatcherThread [stack: 0x0000700010928000,0x0000700010a28000] [id=19971]

VM state:not at safepoint (normal execution)

VM Mutex/Monitor currently owned by a thread: None

Heap
 PSYoungGen      total 19456K, used 6470K [0x00000007eaa80000, 0x00000007ec000000, 0x0000000800000000)
  eden space 16896K, 38% used [0x00000007eaa80000,0x00000007eb0d18c0,0x00000007ebb00000)
  from space 2560K, 0% used [0x00000007ebd80000,0x00000007ebd80000,0x00000007ec000000)
  to   space 2560K, 0% used [0x00000007ebb00000,0x00000007ebb00000,0x00000007ebd80000)
 ParOldGen       total 43520K, used 0K [0x00000007c0000000, 0x00000007c2a80000, 0x00000007eaa80000)
  object space 43520K, 0% used [0x00000007c0000000,0x00000007c0000000,0x00000007c2a80000)
 PSPermGen       total 21504K, used 5677K [0x00000007bae00000, 0x00000007bc300000, 0x00000007c0000000)
  object space 21504K, 26% used [0x00000007bae00000,0x00000007bb38b738,0x00000007bc300000)

Card table byte_map: [0x000000010d123000,0x000000010d34d000] byte_map_base: 0x000000010934c000

Polling page: 0x000000010bd60000

Code Cache  [0x000000010e041000, 0x000000010e2b1000, 0x0000000111041000)
 total_blobs=235 nmethods=29 adapters=169 free_code_cache=48687Kb largest_free_block=49828096

Compilation events (10 events):
Event: 6.296 Thread 0x00007f9b6501e000 nmethod 25 0x000000010e0ad890 code [0x000000010e0ad9c0, 0x000000010e0ad9f8]
Event: 6.296 Thread 0x00007f9b6501e000   26             java.lang.String::getChars (62 bytes)
Event: 6.298 Thread 0x00007f9b64022000 nmethod 23 0x000000010e0aac10 code [0x000000010e0aad80, 0x000000010e0ab678]
Event: 6.298 Thread 0x00007f9b64022000   27             java.lang.String::replace (127 bytes)
Event: 6.299 Thread 0x00007f9b6501e000 nmethod 26 0x000000010e0aa650 code [0x000000010e0aa7a0, 0x000000010e0aa9d8]
Event: 6.299 Thread 0x00007f9b6501e000   28             java.lang.String::<init> (67 bytes)
Event: 6.303 Thread 0x00007f9b6501e000 nmethod 28 0x000000010e0b3d50 code [0x000000010e0b3ea0, 0x000000010e0b41d8]
Event: 6.303 Thread 0x00007f9b6501e000   29             java.lang.AbstractStringBuilder::append (48 bytes)
Event: 6.311 Thread 0x00007f9b6501e000 nmethod 29 0x000000010e0b5350 code [0x000000010e0b54c0, 0x000000010e0b59d8]
Event: 6.317 Thread 0x00007f9b64022000 nmethod 27 0x000000010e0b4b10 code [0x000000010e0b4c80, 0x000000010e0b5178]

GC Heap History (0 events):
No events

Deoptimization events (0 events):
No events

Internal exceptions (10 events):
Event: 6.285 Thread 0x00007f9b65001800 Threw 0x00000007eb046d88 at /HUDSON/workspace/7u-2-build-macosx-x86_64/jdk7u79/2331/hotspot/src/share/vm/prims/jvm.cpp:1304
Event: 6.285 Thread 0x00007f9b65001800 Threw 0x00000007eb047020 at /HUDSON/workspace/7u-2-build-macosx-x86_64/jdk7u79/2331/hotspot/src/share/vm/classfile/systemDictionary.cpp:185
Event: 6.286 Thread 0x00007f9b65001800 Threw 0x00000007eb049520 at /HUDSON/workspace/7u-2-build-macosx-x86_64/jdk7u79/2331/hotspot/src/share/vm/prims/jvm.cpp:1304
Event: 6.286 Thread 0x00007f9b65001800 Threw 0x00000007eb04a570 at /HUDSON/workspace/7u-2-build-macosx-x86_64/jdk7u79/2331/hotspot/src/share/vm/prims/jvm.cpp:1304
Event: 6.286 Thread 0x00007f9b65001800 Threw 0x00000007eb04a818 at /HUDSON/workspace/7u-2-build-macosx-x86_64/jdk7u79/2331/hotspot/src/share/vm/classfile/systemDictionary.cpp:185
Event: 6.286 Thread 0x00007f9b65001800 Threw 0x00000007eb04b440 at /HUDSON/workspace/7u-2-build-macosx-x86_64/jdk7u79/2331/hotspot/src/share/vm/prims/jvm.cpp:1304
Event: 6.286 Thread 0x00007f9b65001800 Threw 0x00000007eb04c540 at /HUDSON/workspace/7u-2-build-macosx-x86_64/jdk7u79/2331/hotspot/src/share/vm/prims/jvm.cpp:1304
Event: 6.286 Thread 0x00007f9b65001800 Threw 0x00000007eb04cf48 at /HUDSON/workspace/7u-2-build-macosx-x86_64/jdk7u79/2331/hotspot/src/share/vm/prims/jvm.cpp:1304
Event: 6.287 Thread 0x00007f9b65001800 Threw 0x00000007eb04e048 at /HUDSON/workspace/7u-2-build-macosx-x86_64/jdk7u79/2331/hotspot/src/share/vm/prims/jvm.cpp:1304
Event: 6.287 Thread 0x00007f9b65001800 Threw 0x00000007eb04e300 at /HUDSON/workspace/7u-2-build-macosx-x86_64/jdk7u79/2331/hotspot/src/share/vm/classfile/systemDictionary.cpp:185

Events (10 events):
Event: 30.538 Executing VM operation: GetCurrentLocation
Event: 30.538 Executing VM operation: GetCurrentLocation done
Event: 30.538 Executing VM operation: ChangeSingleStep
Event: 30.538 Executing VM operation: ChangeSingleStep done
Event: 30.539 Executing VM operation: ChangeSingleStep
Event: 30.540 Executing VM operation: ChangeSingleStep done
Event: 30.551 Executing VM operation: GetOrSetLocal
Event: 30.551 Executing VM operation: GetOrSetLocal done
Event: 30.752 Executing VM operation: GetOrSetLocal
Event: 30.752 Executing VM operation: GetOrSetLocal done


Dynamic libraries:
0x0000000015497000 	/System/Library/Frameworks/Cocoa.framework/Versions/A/Cocoa
0x0000000015497000 	/System/Library/Frameworks/Security.framework/Versions/A/Security
0x0000000015497000 	/System/Library/Frameworks/ApplicationServices.framework/Versions/A/ApplicationServices
0x0000000015497000 	/usr/lib/libz.1.dylib
0x0000000015497000 	/usr/lib/libSystem.B.dylib
0x0000000015497000 	/usr/lib/libobjc.A.dylib
0x0000000015497000 	/System/Library/Frameworks/CoreFoundation.framework/Versions/A/CoreFoundation
0x0000000015497000 	/System/Library/Frameworks/Foundation.framework/Versions/C/Foundation
0x0000000015497000 	/System/Library/Frameworks/AppKit.framework/Versions/C/AppKit
0x0000000015497000 	/System/Library/Frameworks/CoreData.framework/Versions/A/CoreData
0x0000000015497000 	/System/Library/PrivateFrameworks/RemoteViewServices.framework/Versions/A/RemoteViewServices
0x0000000015497000 	/System/Library/PrivateFrameworks/UIFoundation.framework/Versions/A/UIFoundation
0x0000000015497000 	/usr/lib/libenergytrace.dylib
0x0000000015497000 	/System/Library/PrivateFrameworks/SkyLight.framework/Versions/A/SkyLight
0x0000000015497000 	/System/Library/Frameworks/CoreGraphics.framework/Versions/A/CoreGraphics
0x0000000015497000 	/usr/lib/libScreenReader.dylib
0x0000000015497000 	/System/Library/Frameworks/Accelerate.framework/Versions/A/Accelerate
0x0000000015497000 	/System/Library/Frameworks/IOSurface.framework/Versions/A/IOSurface
0x0000000015497000 	/System/Library/Frameworks/AudioToolbox.framework/Versions/A/AudioToolbox
0x0000000015497000 	/System/Library/Frameworks/AudioUnit.framework/Versions/A/AudioUnit
0x0000000015497000 	/System/Library/PrivateFrameworks/DataDetectorsCore.framework/Versions/A/DataDetectorsCore
0x0000000015497000 	/System/Library/PrivateFrameworks/DesktopServicesPriv.framework/Versions/A/DesktopServicesPriv
0x0000000015497000 	/System/Library/Frameworks/Carbon.framework/Versions/A/Frameworks/HIToolbox.framework/Versions/A/HIToolbox
0x0000000015497000 	/usr/lib/libicucore.A.dylib
0x0000000015497000 	/System/Library/Frameworks/QuartzCore.framework/Versions/A/QuartzCore
0x0000000015497000 	/System/Library/Frameworks/Carbon.framework/Versions/A/Frameworks/SpeechRecognition.framework/Versions/A/SpeechRecognition
0x0000000015497000 	/usr/lib/libauto.dylib
0x0000000015497000 	/usr/lib/libxml2.2.dylib
0x0000000015497000 	/System/Library/PrivateFrameworks/CoreUI.framework/Versions/A/CoreUI
0x0000000015497000 	/System/Library/Frameworks/CoreAudio.framework/Versions/A/CoreAudio
0x0000000015497000 	/System/Library/Frameworks/DiskArbitration.framework/Versions/A/DiskArbitration
0x0000000015497000 	/usr/lib/liblangid.dylib
0x0000000015497000 	/System/Library/PrivateFrameworks/MultitouchSupport.framework/Versions/A/MultitouchSupport
0x0000000015497000 	/System/Library/Frameworks/IOKit.framework/Versions/A/IOKit
0x0000000015497000 	/usr/lib/libDiagnosticMessagesClient.dylib
0x0000000015497000 	/System/Library/Frameworks/CoreServices.framework/Versions/A/CoreServices
0x0000000015497000 	/System/Library/PrivateFrameworks/PerformanceAnalysis.framework/Versions/A/PerformanceAnalysis
0x0000000015497000 	/System/Library/PrivateFrameworks/GenerationalStorage.framework/Versions/A/GenerationalStorage
0x0000000015497000 	/System/Library/Frameworks/OpenGL.framework/Versions/A/OpenGL
0x0000000015497000 	/System/Library/Frameworks/CoreImage.framework/Versions/A/CoreImage
0x0000000015497000 	/System/Library/Frameworks/CoreText.framework/Versions/A/CoreText
0x0000000015497000 	/System/Library/Frameworks/ImageIO.framework/Versions/A/ImageIO
0x0000000015497000 	/System/Library/PrivateFrameworks/Backup.framework/Versions/A/Backup
0x0000000015497000 	/usr/lib/libarchive.2.dylib
0x0000000015497000 	/System/Library/Frameworks/CFNetwork.framework/Versions/A/CFNetwork
0x0000000015497000 	/System/Library/Frameworks/SystemConfiguration.framework/Versions/A/SystemConfiguration
0x0000000015497000 	/usr/lib/libCRFSuite.dylib
0x0000000015497000 	/usr/lib/libc++.1.dylib
0x0000000015497000 	/usr/lib/libc++abi.dylib
0x0000000015497000 	/usr/lib/system/libcache.dylib
0x0000000015497000 	/usr/lib/system/libcommonCrypto.dylib
0x0000000015497000 	/usr/lib/system/libcompiler_rt.dylib
0x0000000015497000 	/usr/lib/system/libcopyfile.dylib
0x0000000015497000 	/usr/lib/system/libcorecrypto.dylib
0x0000000015497000 	/usr/lib/system/libdispatch.dylib
0x0000000015497000 	/usr/lib/system/libdyld.dylib
0x0000000015497000 	/usr/lib/system/libkeymgr.dylib
0x0000000015497000 	/usr/lib/system/liblaunch.dylib
0x0000000015497000 	/usr/lib/system/libmacho.dylib
0x0000000015497000 	/usr/lib/system/libquarantine.dylib
0x0000000015497000 	/usr/lib/system/libremovefile.dylib
0x0000000015497000 	/usr/lib/system/libsystem_asl.dylib
0x0000000015497000 	/usr/lib/system/libsystem_blocks.dylib
0x0000000015497000 	/usr/lib/system/libsystem_c.dylib
0x0000000015497000 	/usr/lib/system/libsystem_configuration.dylib
0x0000000015497000 	/usr/lib/system/libsystem_coreservices.dylib
0x0000000015497000 	/usr/lib/system/libsystem_coretls.dylib
0x0000000015497000 	/usr/lib/system/libsystem_dnssd.dylib
0x0000000015497000 	/usr/lib/system/libsystem_info.dylib
0x0000000015497000 	/usr/lib/system/libsystem_kernel.dylib
0x0000000015497000 	/usr/lib/system/libsystem_m.dylib
0x0000000015497000 	/usr/lib/system/libsystem_malloc.dylib
0x0000000015497000 	/usr/lib/system/libsystem_network.dylib
0x0000000015497000 	/usr/lib/system/libsystem_networkextension.dylib
0x0000000015497000 	/usr/lib/system/libsystem_notify.dylib
0x0000000015497000 	/usr/lib/system/libsystem_platform.dylib
0x0000000015497000 	/usr/lib/system/libsystem_pthread.dylib
0x0000000015497000 	/usr/lib/system/libsystem_sandbox.dylib
0x0000000015497000 	/usr/lib/system/libsystem_secinit.dylib
0x0000000015497000 	/usr/lib/system/libsystem_symptoms.dylib
0x0000000015497000 	/usr/lib/system/libsystem_trace.dylib
0x0000000015497000 	/usr/lib/system/libunwind.dylib
0x0000000015497000 	/usr/lib/system/libxpc.dylib
0x0000000015497000 	/usr/lib/libbsm.0.dylib
0x0000000015497000 	/usr/lib/system/libkxld.dylib
0x0000000015497000 	/usr/lib/libcoretls.dylib
0x0000000015497000 	/usr/lib/libcoretls_cfhelpers.dylib
0x0000000015497000 	/usr/lib/libxar.1.dylib
0x0000000015497000 	/usr/lib/libsqlite3.dylib
0x0000000015497000 	/usr/lib/libpam.2.dylib
0x0000000015497000 	/usr/lib/libOpenScriptingUtil.dylib
0x0000000015497000 	/usr/lib/libbz2.1.0.dylib
0x0000000015497000 	/usr/lib/liblzma.5.dylib
0x0000000015497000 	/usr/lib/libnetwork.dylib
0x0000000015497000 	/usr/lib/libpcap.A.dylib
0x0000000015497000 	/System/Library/Frameworks/CoreServices.framework/Versions/A/Frameworks/FSEvents.framework/Versions/A/FSEvents
0x0000000015497000 	/System/Library/Frameworks/CoreServices.framework/Versions/A/Frameworks/CarbonCore.framework/Versions/A/CarbonCore
0x0000000015497000 	/System/Library/Frameworks/CoreServices.framework/Versions/A/Frameworks/Metadata.framework/Versions/A/Metadata
0x0000000015497000 	/System/Library/Frameworks/CoreServices.framework/Versions/A/Frameworks/OSServices.framework/Versions/A/OSServices
0x0000000015497000 	/System/Library/Frameworks/CoreServices.framework/Versions/A/Frameworks/SearchKit.framework/Versions/A/SearchKit
0x0000000015497000 	/System/Library/Frameworks/CoreServices.framework/Versions/A/Frameworks/AE.framework/Versions/A/AE
0x0000000015497000 	/System/Library/Frameworks/CoreServices.framework/Versions/A/Frameworks/LaunchServices.framework/Versions/A/LaunchServices
0x0000000015497000 	/System/Library/Frameworks/CoreServices.framework/Versions/A/Frameworks/DictionaryServices.framework/Versions/A/DictionaryServices
0x0000000015497000 	/System/Library/Frameworks/CoreServices.framework/Versions/A/Frameworks/SharedFileList.framework/Versions/A/SharedFileList
0x0000000015497000 	/System/Library/Frameworks/NetFS.framework/Versions/A/NetFS
0x0000000015497000 	/System/Library/PrivateFrameworks/NetAuth.framework/Versions/A/NetAuth
0x0000000015497000 	/System/Library/PrivateFrameworks/login.framework/Versions/A/Frameworks/loginsupport.framework/Versions/A/loginsupport
0x0000000015497000 	/System/Library/PrivateFrameworks/TCC.framework/Versions/A/TCC
0x0000000015497000 	/usr/lib/libmecabra.dylib
0x0000000015497000 	/System/Library/Frameworks/ApplicationServices.framework/Versions/A/Frameworks/ATS.framework/Versions/A/ATS
0x0000000015497000 	/System/Library/Frameworks/ApplicationServices.framework/Versions/A/Frameworks/ColorSync.framework/Versions/A/ColorSync
0x0000000015497000 	/System/Library/Frameworks/ApplicationServices.framework/Versions/A/Frameworks/HIServices.framework/Versions/A/HIServices
0x0000000015497000 	/System/Library/Frameworks/ApplicationServices.framework/Versions/A/Frameworks/LangAnalysis.framework/Versions/A/LangAnalysis
0x0000000015497000 	/System/Library/Frameworks/ApplicationServices.framework/Versions/A/Frameworks/PrintCore.framework/Versions/A/PrintCore
0x0000000015497000 	/System/Library/Frameworks/ApplicationServices.framework/Versions/A/Frameworks/QD.framework/Versions/A/QD
0x0000000015497000 	/System/Library/Frameworks/ApplicationServices.framework/Versions/A/Frameworks/SpeechSynthesis.framework/Versions/A/SpeechSynthesis
0x0000000015497000 	/System/Library/Frameworks/Accelerate.framework/Versions/A/Frameworks/vImage.framework/Versions/A/vImage
0x0000000015497000 	/System/Library/Frameworks/Accelerate.framework/Versions/A/Frameworks/vecLib.framework/Versions/A/vecLib
0x0000000015497000 	/System/Library/Frameworks/Accelerate.framework/Versions/A/Frameworks/vecLib.framework/Versions/A/libvDSP.dylib
0x0000000015497000 	/System/Library/Frameworks/Accelerate.framework/Versions/A/Frameworks/vecLib.framework/Versions/A/libBNNS.dylib
0x0000000015497000 	/System/Library/Frameworks/Accelerate.framework/Versions/A/Frameworks/vecLib.framework/Versions/A/libQuadrature.dylib
0x0000000015497000 	/System/Library/Frameworks/Accelerate.framework/Versions/A/Frameworks/vecLib.framework/Versions/A/libvMisc.dylib
0x0000000015497000 	/System/Library/Frameworks/Accelerate.framework/Versions/A/Frameworks/vecLib.framework/Versions/A/libLAPACK.dylib
0x0000000015497000 	/System/Library/Frameworks/Accelerate.framework/Versions/A/Frameworks/vecLib.framework/Versions/A/libBLAS.dylib
0x0000000015497000 	/System/Library/Frameworks/Accelerate.framework/Versions/A/Frameworks/vecLib.framework/Versions/A/libLinearAlgebra.dylib
0x0000000015497000 	/System/Library/Frameworks/Accelerate.framework/Versions/A/Frameworks/vecLib.framework/Versions/A/libSparseBLAS.dylib
0x0000000015497000 	/System/Library/Frameworks/ApplicationServices.framework/Versions/A/Frameworks/ATS.framework/Versions/A/Resources/libFontParser.dylib
0x0000000015497000 	/System/Library/Frameworks/ApplicationServices.framework/Versions/A/Frameworks/ATS.framework/Versions/A/Resources/libFontRegistry.dylib
0x0000000015497000 	/System/Library/Frameworks/ImageIO.framework/Versions/A/Resources/libJPEG.dylib
0x0000000015497000 	/System/Library/Frameworks/ImageIO.framework/Versions/A/Resources/libTIFF.dylib
0x0000000015497000 	/System/Library/Frameworks/ImageIO.framework/Versions/A/Resources/libPng.dylib
0x0000000015497000 	/System/Library/Frameworks/ImageIO.framework/Versions/A/Resources/libGIF.dylib
0x0000000015497000 	/System/Library/Frameworks/ImageIO.framework/Versions/A/Resources/libJP2.dylib
0x0000000015497000 	/System/Library/Frameworks/ImageIO.framework/Versions/A/Resources/libRadiance.dylib
0x0000000015497000 	/usr/lib/libcompression.dylib
0x0000000015497000 	/System/Library/PrivateFrameworks/AppleJPEG.framework/Versions/A/AppleJPEG
0x0000000015497000 	/usr/lib/libcups.2.dylib
0x0000000015497000 	/System/Library/Frameworks/Kerberos.framework/Versions/A/Kerberos
0x0000000015497000 	/System/Library/Frameworks/GSS.framework/Versions/A/GSS
0x0000000015497000 	/usr/lib/libresolv.9.dylib
0x0000000015497000 	/usr/lib/libiconv.2.dylib
0x0000000015497000 	/System/Library/PrivateFrameworks/Heimdal.framework/Versions/A/Heimdal
0x0000000015497000 	/usr/lib/libheimdal-asn1.dylib
0x0000000015497000 	/System/Library/Frameworks/OpenDirectory.framework/Versions/A/OpenDirectory
0x0000000015497000 	/System/Library/PrivateFrameworks/CommonAuth.framework/Versions/A/CommonAuth
0x0000000015497000 	/System/Library/Frameworks/OpenDirectory.framework/Versions/A/Frameworks/CFOpenDirectory.framework/Versions/A/CFOpenDirectory
0x0000000015497000 	/System/Library/Frameworks/SecurityFoundation.framework/Versions/A/SecurityFoundation
0x0000000015497000 	/System/Library/PrivateFrameworks/LanguageModeling.framework/Versions/A/LanguageModeling
0x0000000015497000 	/usr/lib/libmarisa.dylib
0x0000000015497000 	/usr/lib/libChineseTokenizer.dylib
0x0000000015497000 	/usr/lib/libcmph.dylib
0x0000000015497000 	/System/Library/PrivateFrameworks/CoreEmoji.framework/Versions/A/CoreEmoji
0x0000000015497000 	/System/Library/Frameworks/ServiceManagement.framework/Versions/A/ServiceManagement
0x0000000015497000 	/usr/lib/libxslt.1.dylib
0x0000000015497000 	/System/Library/Frameworks/Carbon.framework/Versions/A/Frameworks/Ink.framework/Versions/A/Ink
0x0000000015497000 	/System/Library/PrivateFrameworks/TextureIO.framework/Versions/A/TextureIO
0x0000000015497000 	/System/Library/Frameworks/Metal.framework/Versions/A/Metal
0x0000000015497000 	/usr/lib/libate.dylib
0x0000000015497000 	/System/Library/PrivateFrameworks/GPUCompiler.framework/libmetal_timestamp.dylib
0x0000000015497000 	/System/Library/Frameworks/OpenGL.framework/Versions/A/Libraries/libCoreFSCache.dylib
0x0000000015497000 	/System/Library/PrivateFrameworks/IOAccelerator.framework/Versions/A/IOAccelerator
0x0000000015497000 	/System/Library/Frameworks/CoreVideo.framework/Versions/A/CoreVideo
0x0000000015497000 	/usr/lib/libFosl_dynamic.dylib
0x0000000015497000 	/System/Library/PrivateFrameworks/MetalPerformanceShaders.framework/Versions/A/MetalPerformanceShaders
0x0000000015497000 	/System/Library/PrivateFrameworks/FaceCore.framework/Versions/A/FaceCore
0x0000000015497000 	/System/Library/Frameworks/OpenCL.framework/Versions/A/OpenCL
0x0000000015497000 	/System/Library/Frameworks/OpenGL.framework/Versions/A/Libraries/libGLU.dylib
0x0000000015497000 	/System/Library/Frameworks/OpenGL.framework/Versions/A/Libraries/libGFXShared.dylib
0x0000000015497000 	/System/Library/Frameworks/OpenGL.framework/Versions/A/Libraries/libGL.dylib
0x0000000015497000 	/System/Library/Frameworks/OpenGL.framework/Versions/A/Libraries/libGLImage.dylib
0x0000000015497000 	/System/Library/Frameworks/OpenGL.framework/Versions/A/Libraries/libCVMSPluginSupport.dylib
0x0000000015497000 	/System/Library/Frameworks/OpenGL.framework/Versions/A/Libraries/libCoreVMClient.dylib
0x0000000015497000 	/System/Library/PrivateFrameworks/CrashReporterSupport.framework/Versions/A/CrashReporterSupport
0x0000000015497000 	/System/Library/PrivateFrameworks/Sharing.framework/Versions/A/Sharing
0x0000000015497000 	/System/Library/PrivateFrameworks/IconServices.framework/Versions/A/IconServices
0x0000000015497000 	/System/Library/PrivateFrameworks/ProtocolBuffer.framework/Versions/A/ProtocolBuffer
0x0000000015497000 	/System/Library/PrivateFrameworks/Apple80211.framework/Versions/A/Apple80211
0x0000000015497000 	/System/Library/Frameworks/CoreWLAN.framework/Versions/A/CoreWLAN
0x0000000015497000 	/System/Library/PrivateFrameworks/CoreUtils.framework/Versions/A/CoreUtils
0x0000000015497000 	/System/Library/Frameworks/IOBluetooth.framework/Versions/A/IOBluetooth
0x0000000015497000 	/System/Library/PrivateFrameworks/CoreWiFi.framework/Versions/A/CoreWiFi
0x0000000015497000 	/System/Library/Frameworks/CoreBluetooth.framework/Versions/A/CoreBluetooth
0x0000000015497000 	/System/Library/Frameworks/CoreDisplay.framework/Versions/A/CoreDisplay
0x0000000015497000 	/System/Library/PrivateFrameworks/IOPresentment.framework/Versions/A/IOPresentment
0x0000000015497000 	/System/Library/PrivateFrameworks/DebugSymbols.framework/Versions/A/DebugSymbols
0x0000000015497000 	/System/Library/PrivateFrameworks/CoreSymbolication.framework/Versions/A/CoreSymbolication
0x0000000015497000 	/System/Library/PrivateFrameworks/Symbolication.framework/Versions/A/Symbolication
0x0000000015497000 	/System/Library/PrivateFrameworks/AppleFSCompression.framework/Versions/A/AppleFSCompression
0x0000000015497000 	/System/Library/PrivateFrameworks/SpeechRecognitionCore.framework/Versions/A/SpeechRecognitionCore
0x0000000015497000 	/System/Library/PrivateFrameworks/ChunkingLibrary.framework/Versions/A/ChunkingLibrary
0x000000010c600000 	/Library/Java/JavaVirtualMachines/jdk1.7.0_79.jdk/Contents/Home/jre/lib/server/libjvm.dylib
0x0000000015497000 	/usr/lib/libstdc++.6.dylib
0x000000010bd23000 	/Library/Java/JavaVirtualMachines/jdk1.7.0_79.jdk/Contents/Home/jre/lib/libverify.dylib
0x000000010bd30000 	/Library/Java/JavaVirtualMachines/jdk1.7.0_79.jdk/Contents/Home/jre/lib/libjava.dylib
0x000000010bd61000 	/Library/Java/JavaVirtualMachines/jdk1.7.0_79.jdk/Contents/Home/jre/lib/libjdwp.dylib
0x000000010bd9e000 	/Library/Java/JavaVirtualMachines/jdk1.7.0_79.jdk/Contents/Home/jre/lib/libnpt.dylib
0x000000010bdab000 	/Library/Java/JavaVirtualMachines/jdk1.7.0_79.jdk/Contents/Home/jre/lib/libzip.dylib
0x000000010df86000 	/System/Library/Frameworks/JavaVM.framework/Frameworks/JavaRuntimeSupport.framework/JavaRuntimeSupport
0x000000010dfa0000 	/System/Library/Frameworks/JavaVM.framework/Versions/A/Frameworks/JavaNativeFoundation.framework/Versions/A/JavaNativeFoundation
0x0000000113cd1000 	/System/Library/Frameworks/JavaVM.framework/Versions/A/JavaVM
0x0000000015497000 	/System/Library/Frameworks/Carbon.framework/Versions/A/Carbon
0x000000010bdf4000 	/System/Library/PrivateFrameworks/JavaLaunching.framework/Versions/A/JavaLaunching
0x0000000015497000 	/System/Library/Frameworks/Carbon.framework/Versions/A/Frameworks/CommonPanels.framework/Versions/A/CommonPanels
0x0000000015497000 	/System/Library/Frameworks/Carbon.framework/Versions/A/Frameworks/Help.framework/Versions/A/Help
0x0000000015497000 	/System/Library/Frameworks/Carbon.framework/Versions/A/Frameworks/ImageCapture.framework/Versions/A/ImageCapture
0x0000000015497000 	/System/Library/Frameworks/Carbon.framework/Versions/A/Frameworks/OpenScripting.framework/Versions/A/OpenScripting
0x0000000015497000 	/System/Library/Frameworks/Carbon.framework/Versions/A/Frameworks/Print.framework/Versions/A/Print
0x0000000015497000 	/System/Library/Frameworks/Carbon.framework/Versions/A/Frameworks/SecurityHI.framework/Versions/A/SecurityHI
0x00000001155dc000 	/Library/Java/JavaVirtualMachines/jdk1.7.0_79.jdk/Contents/Home/jre/lib/libdt_socket.dylib

VM Arguments:
jvm_args: -agentlib:jdwp=transport=dt_socket,suspend=y,address=localhost:55569 -Dfile.encoding=UTF-8 
java_command: mx.uaemex.fi.ens.main.Main
Launcher Type: SUN_STANDARD

Environment Variables:
PATH=/usr/bin:/bin:/usr/sbin:/sbin
SHELL=/bin/bash

Signal Handlers:
SIGSEGV: [libjvm.dylib+0x52daf1], sa_mask[0]=0xfffefeff, sa_flags=0x00000043
SIGBUS: [libjvm.dylib+0x52daf1], sa_mask[0]=0xfffefeff, sa_flags=0x00000042
SIGFPE: [libjvm.dylib+0x41f34e], sa_mask[0]=0xfffefeff, sa_flags=0x00000042
SIGPIPE: [libjvm.dylib+0x41f34e], sa_mask[0]=0xfffefeff, sa_flags=0x00000042
SIGXFSZ: [libjvm.dylib+0x41f34e], sa_mask[0]=0xfffefeff, sa_flags=0x00000042
SIGILL: [libjvm.dylib+0x41f34e], sa_mask[0]=0xfffefeff, sa_flags=0x00000042
SIGUSR1: SIG_DFL, sa_mask[0]=0x00000000, sa_flags=0x00000000
SIGUSR2: [libjvm.dylib+0x41ee40], sa_mask[0]=0x00000004, sa_flags=0x00000042
SIGHUP: [libjvm.dylib+0x41d0d1], sa_mask[0]=0xfffefeff, sa_flags=0x00000042
SIGINT: [libjvm.dylib+0x41d0d1], sa_mask[0]=0xfffefeff, sa_flags=0x00000042
SIGTERM: [libjvm.dylib+0x41d0d1], sa_mask[0]=0xfffefeff, sa_flags=0x00000042
SIGQUIT: [libjvm.dylib+0x41d0d1], sa_mask[0]=0xfffefeff, sa_flags=0x00000042


---------------  S Y S T E M  ---------------

OS:Bsduname:Darwin 16.0.0 Darwin Kernel Version 16.0.0: Mon Aug 29 17:56:20 PDT 2016; root:xnu-3789.1.32~3/RELEASE_X86_64 x86_64
rlimit: STACK 8192k, CORE 0k, NPROC 709, NOFILE 10240, AS infinity
load average:1.66 1.98 1.96

CPU:total 4 (2 cores per cpu, 2 threads per core) family 6 model 69 stepping 1, cmov, cx8, fxsr, mmx, sse, sse2, sse3, ssse3, sse4.1, sse4.2, popcnt, avx, avx2, aes, erms, ht, tsc, tscinvbit

Memory: 4k page, physical 4194304k(1048576k free)

/proc/meminfo:


vm_info: Java HotSpot(TM) 64-Bit Server VM (24.79-b02) for bsd-amd64 JRE (1.7.0_79-b15), built on Apr 10 2015 11:35:04 by "java_re" with gcc 4.2.1 (Based on Apple Inc. build 5658) (LLVM build 2336.11.00)

time: Mon Oct 17 22:39:36 2016
elapsed time: 31 seconds

